#-----------------------------------------------------------
# Vivado v2018.1 (64-bit)
# SW Build 2188600 on Wed Apr  4 18:40:38 MDT 2018
# IP Build 2185939 on Wed Apr  4 20:55:05 MDT 2018
# Start of session at: Thu Jun  1 12:10:00 2023
# Process ID: 12208
# Current directory: C:/Users/zgnhz/Desktop/graduatedesign/dds
# Command line: vivado.exe -gui_launcher_event rodinguilauncherevent2752 C:\Users\zgnhz\Desktop\graduatedesign\dds\dds.xpr
# Log file: C:/Users/zgnhz/Desktop/graduatedesign/dds/vivado.log
# Journal file: C:/Users/zgnhz/Desktop/graduatedesign/dds\vivado.jou
#-----------------------------------------------------------
start_gui
open_project C:/Users/zgnhz/Desktop/graduatedesign/dds/dds.xpr
Scanning sources...
Finished scanning sources
INFO: [IP_Flow 19-234] Refreshing IP repositories
INFO: [IP_Flow 19-1700] Loaded user IP repository 'c:/Users/zgnhz/Desktop/graduatedesign/dds'.
WARNING: [IP_Flow 19-3685] Ignored loading user repository 'c:/Users/zgnhz/Desktop/graduatedesign/dds/dds.srcs'. The path is contained within another repository.
INFO: [IP_Flow 19-2313] Loaded Vivado IP repository 'D:/Xilinx/Vivado/2018.1/data/ip'.
open_project: Time (s): cpu = 00:00:20 ; elapsed = 00:00:11 . Memory (MB): peak = 891.773 ; gain = 134.238
update_compile_order -fileset sources_1
INFO: [Device 21-403] Loading part xc7z020clg400-2
WARNING: [IP_Flow 19-4067] Ignoring invalid widget type specified checkbox.Providing a default widget
WARNING: [IP_Flow 19-4067] Ignoring invalid widget type specified checkbox.Providing a default widget
exit
INFO: [Common 17-206] Exiting Vivado at Thu Jun  1 12:31:03 2023...
