#-----------------------------------------------------------
# Vivado v2018.1 (64-bit)
# SW Build 2188600 on Wed Apr  4 18:40:38 MDT 2018
# IP Build 2185939 on Wed Apr  4 20:55:05 MDT 2018
# Start of session at: Fri May 19 17:27:04 2023
# Process ID: 688
# Current directory: C:/Users/zgnhz/Desktop/graduatedesign/dds
# Command line: vivado.exe -gui_launcher_event rodinguilauncherevent11760 C:\Users\zgnhz\Desktop\graduatedesign\dds\dds.xpr
# Log file: C:/Users/zgnhz/Desktop/graduatedesign/dds/vivado.log
# Journal file: C:/Users/zgnhz/Desktop/graduatedesign/dds\vivado.jou
#-----------------------------------------------------------
start_gui
open_project C:/Users/zgnhz/Desktop/graduatedesign/dds/dds.xpr
Scanning sources...
Finished scanning sources
INFO: [IP_Flow 19-234] Refreshing IP repositories
INFO: [IP_Flow 19-1700] Loaded user IP repository 'c:/Users/zgnhz/Desktop/graduatedesign/dds'.
WARNING: [IP_Flow 19-3685] Ignored loading user repository 'c:/Users/zgnhz/Desktop/graduatedesign/dds/dds.srcs'. The path is contained within another repository.
INFO: [IP_Flow 19-2313] Loaded Vivado IP repository 'D:/Xilinx/Vivado/2018.1/data/ip'.
open_project: Time (s): cpu = 00:00:19 ; elapsed = 00:00:11 . Memory (MB): peak = 894.758 ; gain = 138.586
update_compile_order -fileset sources_1
ipx::open_ipxact_file C:/users/zgnhz/desktop/graduatedesign/dds/component.xml
WARNING: [IP_Flow 19-5226] Project source file 'c:/users/zgnhz/desktop/graduatedesign/dds/component.xml' ignored by IP packager.
WARNING: [IP_Flow 19-3898] File Group 'xilinx_anylanguagesynthesis (Synthesis)': File 'c:/Users/zgnhz/Desktop/graduatedesign/dds/dds.srcs/sources_1/ip/pll/pll.xci' is not found in the project sources. It will be removed from the packaged IP when the sources are merged. If still required, please add this file to the project and re-package.
WARNING: [IP_Flow 19-3898] File Group 'xilinx_anylanguagesynthesis (Synthesis)': File 'c:/Users/zgnhz/Desktop/graduatedesign/dds/dds.srcs/sources_1/ip/sin/sin.xci' is not found in the project sources. It will be removed from the packaged IP when the sources are merged. If still required, please add this file to the project and re-package.
WARNING: [IP_Flow 19-3898] File Group 'xilinx_anylanguagesynthesis (Synthesis)': File 'c:/Users/zgnhz/Desktop/graduatedesign/dds/dds.srcs/sources_1/ip/squ/squ.xci' is not found in the project sources. It will be removed from the packaged IP when the sources are merged. If still required, please add this file to the project and re-package.
WARNING: [IP_Flow 19-3898] File Group 'xilinx_anylanguagebehavioralsimulation (Simulation)': File 'c:/Users/zgnhz/Desktop/graduatedesign/dds/dds.srcs/sources_1/ip/pll/pll.xci' is not found in the project sources. It will be removed from the packaged IP when the sources are merged. If still required, please add this file to the project and re-package.
WARNING: [IP_Flow 19-3898] File Group 'xilinx_anylanguagebehavioralsimulation (Simulation)': File 'c:/Users/zgnhz/Desktop/graduatedesign/dds/dds.srcs/sources_1/ip/sin/sin.xci' is not found in the project sources. It will be removed from the packaged IP when the sources are merged. If still required, please add this file to the project and re-package.
WARNING: [IP_Flow 19-3898] File Group 'xilinx_anylanguagebehavioralsimulation (Simulation)': File 'c:/Users/zgnhz/Desktop/graduatedesign/dds/dds.srcs/sources_1/ip/squ/squ.xci' is not found in the project sources. It will be removed from the packaged IP when the sources are merged. If still required, please add this file to the project and re-package.
exit
INFO: [Common 17-206] Exiting Vivado at Fri May 19 17:51:44 2023...
